Traceback (most recent call last):
  File "/opt/hostedtoolcache/Python/3.9.20/x64/lib/python3.9/site-packages/jupyter_cache/executors/utils.py", line 58, in single_nb_execution
    executenb(
  File "/opt/hostedtoolcache/Python/3.9.20/x64/lib/python3.9/site-packages/nbclient/client.py", line 1314, in execute
    return NotebookClient(nb=nb, resources=resources, km=km, **kwargs).execute()
  File "/opt/hostedtoolcache/Python/3.9.20/x64/lib/python3.9/site-packages/jupyter_core/utils/__init__.py", line 165, in wrapped
    return loop.run_until_complete(inner)
  File "/opt/hostedtoolcache/Python/3.9.20/x64/lib/python3.9/asyncio/base_events.py", line 647, in run_until_complete
    return future.result()
  File "/opt/hostedtoolcache/Python/3.9.20/x64/lib/python3.9/site-packages/nbclient/client.py", line 709, in async_execute
    await self.async_execute_cell(
  File "/opt/hostedtoolcache/Python/3.9.20/x64/lib/python3.9/site-packages/nbclient/client.py", line 1062, in async_execute_cell
    await self._check_raise_for_error(cell, cell_index, exec_reply)
  File "/opt/hostedtoolcache/Python/3.9.20/x64/lib/python3.9/site-packages/nbclient/client.py", line 918, in _check_raise_for_error
    raise CellExecutionError.from_cell_and_msg(cell, exec_reply_content)
nbclient.exceptions.CellExecutionError: An error occurred while executing the following cell:
------------------
# prompt: Write a code that take a single Jacobi iteration step
import numpy as np

def jacobi_step(A, b, x):
  """Performs a single Jacobi iteration step.

  Args:
    A: The coefficient matrix.
    b: The right-hand side vector.
    x: The current solution vector.

  Returns:
    The updated solution vector.
  """

  n = len(x)
  x_new = np.zeros_like(x)
  for i in range(n):
    x_new[i] = (b[i] - np.dot(A[i, :i], x[:i]) - np.dot(A[i, i + 1:], x[i + 1:])) / A[i, i]
  return x_new

------------------


[0;31m---------------------------------------------------------------------------[0m
[0;31mModuleNotFoundError[0m                       Traceback (most recent call last)
Cell [0;32mIn[1], line 2[0m
[1;32m      1[0m [38;5;66;03m# prompt: Write a code that take a single Jacobi iteration step[39;00m
[0;32m----> 2[0m [38;5;28;01mimport[39;00m [38;5;21;01mnumpy[39;00m [38;5;28;01mas[39;00m [38;5;21;01mnp[39;00m
[1;32m      4[0m [38;5;28;01mdef[39;00m [38;5;21mjacobi_step[39m(A, b, x):
[1;32m      5[0m [38;5;250m  [39m[38;5;124;03m"""Performs a single Jacobi iteration step.[39;00m
[1;32m      6[0m 
[1;32m      7[0m [38;5;124;03m  Args:[39;00m
[0;32m   (...)[0m
[1;32m     13[0m [38;5;124;03m    The updated solution vector.[39;00m
[1;32m     14[0m [38;5;124;03m  """[39;00m

[0;31mModuleNotFoundError[0m: No module named 'numpy'

