Traceback (most recent call last):
  File "/opt/hostedtoolcache/Python/3.12.7/x64/lib/python3.12/site-packages/jupyter_cache/executors/utils.py", line 58, in single_nb_execution
    executenb(
  File "/opt/hostedtoolcache/Python/3.12.7/x64/lib/python3.12/site-packages/nbclient/client.py", line 1314, in execute
    return NotebookClient(nb=nb, resources=resources, km=km, **kwargs).execute()
           ^^^^^^^^^^^^^^^^^^^^^^^^^^^^^^^^^^^^^^^^^^^^^^^^^^^^^^^^^^^^^^^^^^^^^
  File "/opt/hostedtoolcache/Python/3.12.7/x64/lib/python3.12/site-packages/jupyter_core/utils/__init__.py", line 165, in wrapped
    return loop.run_until_complete(inner)
           ^^^^^^^^^^^^^^^^^^^^^^^^^^^^^^
  File "/opt/hostedtoolcache/Python/3.12.7/x64/lib/python3.12/asyncio/base_events.py", line 687, in run_until_complete
    return future.result()
           ^^^^^^^^^^^^^^^
  File "/opt/hostedtoolcache/Python/3.12.7/x64/lib/python3.12/site-packages/nbclient/client.py", line 709, in async_execute
    await self.async_execute_cell(
  File "/opt/hostedtoolcache/Python/3.12.7/x64/lib/python3.12/site-packages/nbclient/client.py", line 1062, in async_execute_cell
    await self._check_raise_for_error(cell, cell_index, exec_reply)
  File "/opt/hostedtoolcache/Python/3.12.7/x64/lib/python3.12/site-packages/nbclient/client.py", line 918, in _check_raise_for_error
    raise CellExecutionError.from_cell_and_msg(cell, exec_reply_content)
nbclient.exceptions.CellExecutionError: An error occurred while executing the following cell:
------------------
import numpy as np
data = np.array([[2.73000000e+02, 4.45900132e+03],
       [2.76030303e+02, 4.41776331e+03],
       [2.79060606e+02, 7.02912764e+03],
       [2.82090909e+02, 8.07233255e+03],
       [2.85121212e+02, 1.35655353e+04],
       [2.88151515e+02, 1.53935301e+04],
       [2.91181818e+02, 1.66518521e+04],
       [2.94212121e+02, 2.57056205e+04],
       [2.97242424e+02, 2.80402378e+04],
       [3.00272727e+02, 3.52850720e+04],
       [3.03303030e+02, 2.53348206e+04],
       [3.06333333e+02, 6.20422294e+04],
       [3.09363636e+02, 5.65720969e+04],
       [3.12393939e+02, 8.94469023e+04],
       [3.15424242e+02, 9.65941942e+04],
       [3.18454545e+02, 1.14139663e+05],
       [3.21484848e+02, 1.00384893e+05],
       [3.24515152e+02, 1.60315046e+05],
       [3.27545455e+02, 1.75487522e+05],
       [3.30575758e+02, 2.79200552e+05],
       [3.33606061e+02, 2.83492579e+05],
       [3.36636364e+02, 2.19343286e+05],
       [3.39666667e+02, 3.46339717e+05],
       [3.42696970e+02, 3.29907107e+05],
       [3.45727273e+02, 2.99334626e+05],
       [3.48757576e+02, 4.85091915e+05],
       [3.51787879e+02, 7.28675595e+05],
       [3.54818182e+02, 9.91612106e+05],
       [3.57848485e+02, 9.39914377e+05],
       [3.60878788e+02, 1.46925677e+06],
       [3.63909091e+02, 1.46126057e+06],
       [3.66939394e+02, 1.35738053e+06],
       [3.69969697e+02, 1.14736966e+06],
       [3.73000000e+02, 2.10254656e+06],
       [3.76030303e+02, 1.12017395e+06],
       [3.79060606e+02, 2.34226319e+06],
       [3.82090909e+02, 2.22858410e+06],
       [3.85121212e+02, 3.26613076e+06],
       [3.88151515e+02, 3.68055559e+06],
       [3.91181818e+02, 2.37869512e+06],
       [3.94212121e+02, 4.10021974e+06],
       [3.97242424e+02, 3.84314791e+06],
       [4.00272727e+02, 6.46893402e+06],
       [4.03303030e+02, 5.35422811e+06],
       [4.06333333e+02, 7.73962115e+06],
       [4.09363636e+02, 8.41409713e+06],
       [4.12393939e+02, 7.81006766e+06],
       [4.15424242e+02, 8.35579617e+06],
       [4.18454545e+02, 1.03669786e+07],
       [4.21484848e+02, 1.02992887e+07],
       [4.24515152e+02, 6.39189417e+06],
       [4.27545455e+02, 1.36405449e+07],
       [4.30575758e+02, 1.49410729e+07],
       [4.33606061e+02, 2.09149077e+07],
       [4.36636364e+02, 2.14703032e+07],
       [4.39666667e+02, 2.11464887e+07],
       [4.42696970e+02, 2.60359855e+07],
       [4.45727273e+02, 3.19593647e+07],
       [4.48757576e+02, 2.84547486e+07],
       [4.51787879e+02, 2.98421720e+07],
       [4.54818182e+02, 3.54693846e+07],
       [4.57848485e+02, 4.17941703e+07],
       [4.60878788e+02, 4.65948030e+07],
       [4.63909091e+02, 5.74740135e+07],
       [4.66939394e+02, 4.12282427e+07],
       [4.69969697e+02, 6.43295352e+07],
       [4.73000000e+02, 6.78921367e+07],
       [4.76030303e+02, 6.87155479e+07],
       [4.79060606e+02, 6.70678776e+07],
       [4.82090909e+02, 6.23342574e+07],
       [4.85121212e+02, 9.48617775e+07],
       [4.88151515e+02, 9.34710486e+07],
       [4.91181818e+02, 8.25781385e+07],
       [4.94212121e+02, 1.02888832e+08],
       [4.97242424e+02, 9.99071191e+07],
       [5.00272727e+02, 1.01319698e+08],
       [5.03303030e+02, 1.32602108e+08],
       [5.06333333e+02, 1.31923942e+08],
       [5.09363636e+02, 1.00146518e+08],
       [5.12393939e+02, 1.48398130e+08],
       [5.15424242e+02, 2.01128065e+08],
       [5.18454545e+02, 2.25792703e+08],
       [5.21484848e+02, 1.99863590e+08],
       [5.24515152e+02, 2.47074414e+08],
       [5.27545455e+02, 2.08548654e+08],
       [5.30575758e+02, 1.83449792e+08],
       [5.33606061e+02, 2.58856094e+08],
       [5.36636364e+02, 3.10038100e+08],
       [5.39666667e+02, 3.58956357e+08],
       [5.42696970e+02, 3.21512830e+08],
       [5.45727273e+02, 4.30773903e+08],
       [5.48757576e+02, 4.39179856e+08],
       [5.51787879e+02, 4.57110476e+08],
       [5.54818182e+02, 3.75292342e+08],
       [5.57848485e+02, 3.97574548e+08],
       [5.60878788e+02, 4.57516936e+08],
       [5.63909091e+02, 2.63845055e+08],
       [5.66939394e+02, 4.59249219e+08],
       [5.69969697e+02, 5.23677345e+08],
       [5.73000000e+02, 7.51098462e+08]])
------------------


[0;31m---------------------------------------------------------------------------[0m
[0;31mModuleNotFoundError[0m                       Traceback (most recent call last)
Cell [0;32mIn[1], line 1[0m
[0;32m----> 1[0m [38;5;28;01mimport[39;00m [38;5;21;01mnumpy[39;00m [38;5;28;01mas[39;00m [38;5;21;01mnp[39;00m
[1;32m      2[0m data [38;5;241m=[39m np[38;5;241m.[39marray([[[38;5;241m2.73000000e+02[39m, [38;5;241m4.45900132e+03[39m],
[1;32m      3[0m        [[38;5;241m2.76030303e+02[39m, [38;5;241m4.41776331e+03[39m],
[1;32m      4[0m        [[38;5;241m2.79060606e+02[39m, [38;5;241m7.02912764e+03[39m],
[0;32m   (...)[0m
[1;32m    100[0m        [[38;5;241m5.69969697e+02[39m, [38;5;241m5.23677345e+08[39m],
[1;32m    101[0m        [[38;5;241m5.73000000e+02[39m, [38;5;241m7.51098462e+08[39m]])

[0;31mModuleNotFoundError[0m: No module named 'numpy'

